===============================
AREV: Asset Review via Interog8
===============================
(Date: 2014-05-06:1545)
0: Creating list of valid Interog8 files
1: Creating list of unique serial numbers
2: Correlating Serial numbers with Asset IDs
3: Processing Interog8 Files
4a: Processing Deletes
4b: Processing Inserts
5: Done!
===============================================
[REPORT]
Total Unique Machines Interog8d: 13
Total Unique Serial#s Interog8d: 9
--------------------------------------------------
Number of Updates: 8
Number of Inserts: 62
--------------------------------------------------
===============================
AREV: Asset Review via Interog8
===============================
(Date: 2014-05-06:1550)
0: Creating list of valid Interog8 files
1: Creating list of unique serial numbers
2: Correlating Serial numbers with Asset IDs
3: Processing Interog8 Files
4a: Processing Deletes
4b: Processing Inserts
5: Done!
===============================================
[REPORT]
Total Unique Machines Interog8d: 12
Total Unique Serial#s Interog8d: 7
--------------------------------------------------
Number of Updates: 8
Number of Inserts: 64
--------------------------------------------------
===============================
AREV: Asset Review via Interog8
===============================
(Date: 2014-05-06:1555)
0: Creating list of valid Interog8 files
1: Creating list of unique serial numbers
2: Correlating Serial numbers with Asset IDs
3: Processing Interog8 Files
4a: Processing Deletes
4b: Processing Inserts
5: Done!
===============================================
[REPORT]
Total Unique Machines Interog8d: 15
Total Unique Serial#s Interog8d: 11
--------------------------------------------------
Number of Updates: 12
Number of Inserts: 110
--------------------------------------------------
===============================
AREV: Asset Review via Interog8
===============================
(Date: 2014-05-06:1600)
0: Creating list of valid Interog8 files
1: Creating list of unique serial numbers
2: Correlating Serial numbers with Asset IDs
3: Processing Interog8 Files
4a: Processing Deletes
4b: Processing Inserts
5: Done!
===============================================
[REPORT]
Total Unique Machines Interog8d: 15
Total Unique Serial#s Interog8d: 11
--------------------------------------------------
Number of Updates: 13
Number of Inserts: 121
--------------------------------------------------
