                <select name="cboMake" id="ctl06_p_d_ctl06_cboMake">
				<option selected="selected" value="">Any make</option>
				<option value="4294967251">AC (7)</option>
				<option value="4294967249">ALFA ROMEO (778)</option>
				<option value="4294958219">ASIA MOTORS (5)</option>
				<option value="4294967143">ASTON MARTIN (46)</option>
				<option value="4294967194">AUDI (2239)</option>
				<option value="4294967114">AUSTIN (8)</option>
				<option value="4294967102">AUSTIN HEALEY (23)</option>
				<option value="4294967091">BEDFORD (6)</option>
				<option value="4294967085">BENTLEY (81)</option>
				<option value="4294967024">BERTONE (1)</option>
				<option value="4294967079">BMW (5505)</option>
				<option value="4294957752">BOLWELL (2)</option>
				<option value="4294857585">BUFORI (1)</option>
				<option value="4294961910">BUICK (14)</option>
				<option value="4294934556">BULLET (1)</option>
				<option value="4294960588">CADILLAC (69)</option>
				<option value="4294966911">CATERHAM (1)</option>
				<option value="4294966907">CHEVROLET (393)</option>
				<option value="4294966897">CHRYSLER (648)</option>
				<option value="4294966818">CITROEN (608)</option>
				<option value="4294954198">CLASSIC CAR (1)</option>
				<option value="4294933671">CLUBMAN (5)</option>
				<option value="4294951168">COBRA (12)</option>
				<option value="4294956643">CSV (5)</option>
				<option value="4294966785">DAEWOO (604)</option>
				<option value="4294966650">DAIHATSU (412)</option>
				<option value="4294966624">DAIMLER (32)</option>
				<option value="4294966615">DATSUN (67)</option>
				<option value="4294954252">DE TOMASO (4)</option>
				<option value="4294956613">DESOTO (1)</option>
				<option value="4294966398">DODGE (329)</option>
				<option value="4294847869">EDSEL (2)</option>
				<option value="4294879504">ELFIN (4)</option>
				<option value="4294966385">EUNOS (60)</option>
				<option value="4294966380">FERRARI (165)</option>
				<option value="4294966327">FIAT (221)</option>
				<option value="4294966463">FORD (18762)</option>
				<option value="4294965879">FPV (481)</option>
				<option value="4294961893">FSM (1)</option>
				<option value="4294956372">GMC (32)</option>
				<option value="4294966008">HILLMAN (3)</option>
				<option value="4294965998">HINO (56)</option>
				<option value="4294965857">HOLDEN (27016)</option>
				<option value="4294965322">HONDA (7053)</option>
				<option value="4294965530">HSV (1286)</option>
				<option value="4294964823">HUMBER (2)</option>
				<option value="4294964819">HUMMER (114)</option>
				<option value="4294965579">HYUNDAI (6041)</option>
				<option value="4294964859">INTERNATIONAL (8)</option>
				<option value="4294965558">ISUZU (188)</option>
				<option value="4294965494">IVECO (71)</option>
				<option value="4294965308">JAGUAR (428)</option>
				<option value="4294952151">JBA (2)</option>
				<option value="4294965086">JEEP (1230)</option>
				<option value="4294964941">JENSEN (3)</option>
				<option value="4294964895">KIA (2086)</option>
				<option value="4294959618">KIT CAR (5)</option>
				<option value="4294964778">LADA (2)</option>
				<option value="4294964766">LAMBORGHINI (31)</option>
				<option value="4294964705">LANCIA (9)</option>
				<option value="4294965541">LAND ROVER (1059)</option>
				<option value="4294965468">LEXUS (904)</option>
				<option value="4294965288">LEYLAND (35)</option>
				<option value="4294956471">LINCOLN (8)</option>
				<option value="4294965279">LOTUS (40)</option>
				<option value="4294961367">M.G. (249)</option>
				<option value="4294965179">MAHINDRA (23)</option>
				<option value="4294805581">MARMON (1)</option>
				<option value="4294965360">MASERATI (112)</option>
				<option value="4294965344">MAYBACH (1)</option>
				<option value="4294965340">MAZDA (7738)</option>
				<option value="1090">MERCEDES (4693)</option>
				<option value="4294925584">MERCURY (4)</option>
				<option value="4294963980">MINI (525)</option>
				<option value="4294964597">MITSUBISHI (10035)</option>
				<option value="4294963021">MORGAN (1)</option>
				<option value="4294963010">MORRIS (50)</option>
				<option value="4294963846">NISSAN (9981)</option>
				<option value="4294963079">NSU (1)</option>
				<option value="4294963077">OKA (2)</option>
				<option value="4294957152">OLDSMOBILE (7)</option>
				<option value="4294958137">PERRENTI (1)</option>
				<option value="4294963814">PEUGEOT (1494)</option>
				<option value="4294956332">PLYMOUTH (12)</option>
				<option value="4294963768">PONTIAC (50)</option>
				<option value="4294963765">PORSCHE (906)</option>
				<option value="4294881689">PRB (2)</option>
				<option value="4294963543">PROTON (384)</option>
				<option value="4294881360">PURVIS EUREKA (1)</option>
				<option value="4294963437">RAMBLER (8)</option>
				<option value="4294963762">RENAULT (780)</option>
				<option value="4294957940">RILEY (4)</option>
				<option value="4294959600">ROLLS ROYCE (58)</option>
				<option value="4294963675">ROVER (39)</option>
				<option value="4294963609">SAAB (797)</option>
				<option value="4294963104">SEAT (9)</option>
				<option value="4294953258">SHELBY (3)</option>
				<option value="4294963054">SINGER (1)</option>
				<option value="4294963053">SKODA (150)</option>
				<option value="4294963045">SMART (79)</option>
				<option value="4294963034">SSANGYONG (206)</option>
				<option value="4294927007">STANDARD MOTOR CARS (1)</option>
				<option value="4294962912">STUDEBAKER (6)</option>
				<option value="4294868238">STUTZ (1)</option>
				<option value="4294963801">SUBARU (5523)</option>
				<option value="4294962342">SUNBEAM (3)</option>
				<option value="4294962891">SUZUKI (2406)</option>
				<option value="4294962863">TATA (3)</option>
				<option value="4294962861">TOYOTA (22470)</option>
				<option value="4294856360">TRD (98)</option>
				<option value="4294962814">TRIUMPH (51)</option>
				<option value="4294962763">TVR (4)</option>
				<option value="4294954532">U.D. (12)</option>
				<option value="4294962755">ULTIMA (1)</option>
				<option value="4294955156">VANGUARD (3)</option>
				<option value="4294962750">VAUXHALL (7)</option>
				<option value="4294962746">VOLKSWAGEN (4723)</option>
				<option value="4294962907">VOLVO (893)</option>
				<option value="4294959161">WESTFIELD (4)</option>
				<option value="4294954990">WILLYS (2)</option>
				<option value="4294917823">WILLYS OVERLAND (1)</option>
				<option value="4294962624">WOLSELEY (2)</option>
			</select>
